# JRE version: Java(TM) SE Runtime Environment (8.0_65-b17) (build 1.8.0_65-b17)
# Java VM: Java HotSpot(TM) 64-Bit Server VM (25.65-b01 mixed mode windows-amd64 compressed oops)
Heap:
 PSYoungGen      total 28672K, used 10650K [0x00000000e0300000, 0x00000000e3b00000, 0x0000000100000000)
  eden space 24576K, 26% used [0x00000000e0300000,0x00000000e096e9d8,0x00000000e1b00000)
  from space 4096K, 99% used [0x00000000e1b00000,0x00000000e1ef8030,0x00000000e1f00000)
  to   space 4096K, 0% used [0x00000000e3700000,0x00000000e3700000,0x00000000e3b00000)
 ParOldGen       total 65536K, used 3900K [0x00000000a0800000, 0x00000000a4800000, 0x00000000e0300000)
  object space 65536K, 5% used [0x00000000a0800000,0x00000000a0bcf278,0x00000000a4800000)
 Metaspace       used 16485K, capacity 16728K, committed 17152K, reserved 1064960K
  class space    used 2129K, capacity 2218K, committed 2304K, reserved 1048576K
GC Heap History (6 events):
Event: 2.674 GC heap before
{Heap before GC invocations=1 (full 0):
 PSYoungGen      total 28672K, used 24576K [0x00000000e0300000, 0x00000000e2300000, 0x0000000100000000)
  eden space 24576K, 100% used [0x00000000e0300000,0x00000000e1b00000,0x00000000e1b00000)
  from space 4096K, 0% used [0x00000000e1f00000,0x00000000e1f00000,0x00000000e2300000)
  to   space 4096K, 0% used [0x00000000e1b00000,0x00000000e1b00000,0x00000000e1f00000)
 ParOldGen       total 65536K, used 0K [0x00000000a0800000, 0x00000000a4800000, 0x00000000e0300000)
  object space 65536K, 0% used [0x00000000a0800000,0x00000000a0800000,0x00000000a4800000)
 Metaspace       used 7758K, capacity 7840K, committed 7936K, reserved 1056768K
  class space    used 924K, capacity 947K, committed 1024K, reserved 1048576K
Event: 2.698 GC heap after
Heap after GC invocations=1 (full 0):
 PSYoungGen      total 28672K, used 3229K [0x00000000e0300000, 0x00000000e2300000, 0x0000000100000000)
  eden space 24576K, 0% used [0x00000000e0300000,0x00000000e0300000,0x00000000e1b00000)
  from space 4096K, 78% used [0x00000000e1b00000,0x00000000e1e27588,0x00000000e1f00000)
  to   space 4096K, 0% used [0x00000000e1f00000,0x00000000e1f00000,0x00000000e2300000)
 ParOldGen       total 65536K, used 0K [0x00000000a0800000, 0x00000000a4800000, 0x00000000e0300000)
  object space 65536K, 0% used [0x00000000a0800000,0x00000000a0800000,0x00000000a4800000)
 Metaspace       used 7758K, capacity 7840K, committed 7936K, reserved 1056768K
  class space    used 924K, capacity 947K, committed 1024K, reserved 1048576K
}
Event: 4.074 GC heap before
{Heap before GC invocations=2 (full 0):
 PSYoungGen      total 28672K, used 27805K [0x00000000e0300000, 0x00000000e2300000, 0x0000000100000000)
  eden space 24576K, 100% used [0x00000000e0300000,0x00000000e1b00000,0x00000000e1b00000)
  from space 4096K, 78% used [0x00000000e1b00000,0x00000000e1e27588,0x00000000e1f00000)
  to   space 4096K, 0% used [0x00000000e1f00000,0x00000000e1f00000,0x00000000e2300000)
 ParOldGen       total 65536K, used 0K [0x00000000a0800000, 0x00000000a4800000, 0x00000000e0300000)
  object space 65536K, 0% used [0x00000000a0800000,0x00000000a0800000,0x00000000a4800000)
 Metaspace       used 12972K, capacity 13192K, committed 13312K, reserved 1060864K
  class space    used 1634K, capacity 1702K, committed 1792K, reserved 1048576K
Event: 4.109 GC heap after
Heap after GC invocations=2 (full 0):
 PSYoungGen      total 28672K, used 4079K [0x00000000e0300000, 0x00000000e3b00000, 0x0000000100000000)
  eden space 24576K, 0% used [0x00000000e0300000,0x00000000e0300000,0x00000000e1b00000)
  from space 4096K, 99% used [0x00000000e1f00000,0x00000000e22fbf08,0x00000000e2300000)
  to   space 4096K, 0% used [0x00000000e1b00000,0x00000000e1b00000,0x00000000e1f00000)
 ParOldGen       total 65536K, used 1736K [0x00000000a0800000, 0x00000000a4800000, 0x00000000e0300000)
  object space 65536K, 2% used [0x00000000a0800000,0x00000000a09b2180,0x00000000a4800000)
 Metaspace       used 12972K, capacity 13192K, committed 13312K, reserved 1060864K
  class space    used 1634K, capacity 1702K, committed 1792K, reserved 1048576K
}
Event: 16.395 GC heap before
{Heap before GC invocations=3 (full 0):
 PSYoungGen      total 28672K, used 28655K [0x00000000e0300000, 0x00000000e3b00000, 0x0000000100000000)
  eden space 24576K, 100% used [0x00000000e0300000,0x00000000e1b00000,0x00000000e1b00000)
  from space 4096K, 99% used [0x00000000e1f00000,0x00000000e22fbf08,0x00000000e2300000)
  to   space 4096K, 0% used [0x00000000e1b00000,0x00000000e1b00000,0x00000000e1f00000)
 ParOldGen       total 65536K, used 1736K [0x00000000a0800000, 0x00000000a4800000, 0x00000000e0300000)
  object space 65536K, 2% used [0x00000000a0800000,0x00000000a09b2180,0x00000000a4800000)
 Metaspace       used 15590K, capacity 15758K, committed 16000K, reserved 1062912K
  class space    used 2032K, capacity 2087K, committed 2176K, reserved 1048576K
Event: 16.448 GC heap after
Heap after GC invocations=3 (full 0):
 PSYoungGen      total 28672K, used 4064K [0x00000000e0300000, 0x00000000e3b00000, 0x0000000100000000)
  eden space 24576K, 0% used [0x00000000e0300000,0x00000000e0300000,0x00000000e1b00000)
  from space 4096K, 99% used [0x00000000e1b00000,0x00000000e1ef8030,0x00000000e1f00000)
  to   space 4096K, 0% used [0x00000000e3700000,0x00000000e3700000,0x00000000e3b00000)
 ParOldGen       total 65536K, used 3900K [0x00000000a0800000, 0x00000000a4800000, 0x00000000e0300000)
  object space 65536K, 5% used [0x00000000a0800000,0x00000000a0bcf278,0x00000000a4800000)
 Metaspace       used 15590K, capacity 15758K, committed 16000K, reserved 1062912K
  class space    used 2032K, capacity 2087K, committed 2176K, reserved 1048576K
}

